TN:
SF:auth\guard\authToken.guard.js
FN:5,authTokenGuard
FNF:1
FNH:1
FNDA:10,authTokenGuard
DA:1,4
DA:2,4
DA:6,10
DA:7,10
DA:8,3
DA:9,3
DA:12,7
DA:13,7
DA:14,0
DA:17,7
DA:18,7
DA:19,1
DA:22,6
DA:23,6
DA:26,4
LF:15
LH:14
BRDA:7,0,0,3
BRDA:7,0,1,7
BRDA:13,1,0,0
BRDA:13,1,1,7
BRDA:13,2,0,7
BRDA:13,2,1,7
BRDA:18,3,0,1
BRDA:18,3,1,6
BRF:8
BRH:7
end_of_record
TN:
SF:auth\guard\role.guard.js
FN:1,roleGuard
FN:2,(anonymous_1)
FNF:2
FNH:2
FNDA:36,roleGuard
FNDA:7,(anonymous_1)
DA:2,36
DA:3,7
DA:4,1
DA:7,6
DA:8,3
DA:11,3
DA:15,4
LF:7
LH:7
BRDA:3,0,0,1
BRDA:3,0,1,6
BRDA:3,1,0,7
BRDA:3,1,1,6
BRDA:7,2,0,3
BRDA:7,2,1,3
BRF:6
BRH:6
end_of_record
TN:
SF:auth\utils\auth.controller.types.js
FNF:0
FNH:0
DA:4,0
LF:1
LH:0
BRF:0
BRH:0
end_of_record
TN:
SF:auth\utils\jwt.js
FN:4,(anonymous_0)
FN:15,(anonymous_1)
FNF:2
FNH:2
FNDA:5,(anonymous_0)
FNDA:7,(anonymous_1)
DA:1,6
DA:5,5
DA:6,5
DA:8,5
DA:9,0
DA:12,5
DA:16,7
DA:17,7
DA:18,0
DA:21,7
DA:22,7
DA:24,1
DA:29,6
LF:13
LH:11
BRDA:6,0,0,5
BRDA:6,0,1,0
BRDA:8,1,0,0
BRDA:8,1,1,5
BRDA:17,2,0,0
BRDA:17,2,1,7
BRF:6
BRH:3
end_of_record
TN:
SF:models\Student.validation.js
FNF:0
FNH:0
DA:1,3
DA:3,3
DA:9,3
DA:15,3
LF:4
LH:4
BRF:0
BRH:0
end_of_record
TN:
SF:models\User\User.validation.js
FNF:0
FNH:0
DA:1,4
DA:2,4
DA:4,4
DA:14,4
DA:19,4
LF:5
LH:5
BRF:0
BRH:0
end_of_record
TN:
SF:services\FileService.js
FN:6,(anonymous_0)
FN:14,(anonymous_1)
FNF:2
FNH:2
FNDA:1,(anonymous_0)
FNDA:1,(anonymous_1)
DA:1,1
DA:2,1
DA:3,1
DA:7,1
DA:8,1
DA:10,1
DA:11,1
DA:15,1
DA:16,0
DA:19,1
DA:20,1
DA:21,0
DA:24,1
DA:28,1
LF:14
LH:12
BRDA:15,0,0,0
BRDA:15,0,1,1
BRDA:20,1,0,0
BRDA:20,1,1,1
BRF:4
BRH:2
end_of_record
TN:
SF:services\StudentService.js
FN:7,(anonymous_0)
FN:13,(anonymous_1)
FN:17,(anonymous_2)
FN:24,(anonymous_3)
FN:30,(anonymous_4)
FN:41,(anonymous_5)
FN:42,(anonymous_6)
FN:55,(anonymous_7)
FN:56,(anonymous_8)
FN:61,(anonymous_9)
FN:62,(anonymous_10)
FN:67,(anonymous_11)
FN:71,(anonymous_12)
FN:76,(anonymous_13)
FNF:14
FNH:0
FNDA:0,(anonymous_0)
FNDA:0,(anonymous_1)
FNDA:0,(anonymous_2)
FNDA:0,(anonymous_3)
FNDA:0,(anonymous_4)
FNDA:0,(anonymous_5)
FNDA:0,(anonymous_6)
FNDA:0,(anonymous_7)
FNDA:0,(anonymous_8)
FNDA:0,(anonymous_9)
FNDA:0,(anonymous_10)
FNDA:0,(anonymous_11)
FNDA:0,(anonymous_12)
FNDA:0,(anonymous_13)
DA:1,0
DA:2,0
DA:3,0
DA:4,0
DA:8,0
DA:9,0
DA:10,0
DA:14,0
DA:16,0
DA:17,0
DA:20,0
DA:21,0
DA:25,0
DA:26,0
DA:27,0
DA:31,0
DA:32,0
DA:33,0
DA:35,0
DA:36,0
DA:38,0
DA:42,0
DA:43,0
DA:44,0
DA:45,0
DA:48,0
DA:49,0
DA:50,0
DA:52,0
DA:56,0
DA:57,0
DA:58,0
DA:62,0
DA:63,0
DA:64,0
DA:68,0
DA:72,0
DA:73,0
DA:76,0
DA:77,0
DA:79,0
DA:81,0
DA:85,0
LF:43
LH:0
BRDA:43,0,0,0
BRDA:43,0,1,0
BRDA:56,1,0,0
BRDA:56,1,1,0
BRDA:72,2,0,0
BRDA:72,2,1,0
BRF:6
BRH:0
end_of_record
